IQ-TREE multicore version 2.0.7 for Linux 64-bit built Jan 21 2022
Developed by Bui Quang Minh, Nguyen Lam Tung, Olga Chernomor,
Heiko Schmidt, Dominik Schrempf, Michael Woodhams.

Host:    hole (AVX2, FMA3, 5 GB RAM)
Command: iqtree2 -s /home/usuario/Data_Rstudio/tesina_g/tablas/domainLTR/aligment_abs_all/aligment_RT_abs.pep -m MFT
Seed:    840317 (Using SPRNG - Scalable Parallel Random Number Generator)
Time:    Tue Oct 18 15:11:18 2022
Kernel:  AVX+FMA - 1 threads (4 CPU cores detected)

HINT: Use -nt option to specify number of threads because your CPU has 4 cores!
HINT: -nt AUTO will automatically determine the best number of threads to use.

Reading alignment file /home/usuario/Data_Rstudio/tesina_g/tablas/domainLTR/aligment_abs_all/aligment_RT_abs.pep ... Fasta format detected
Alignment most likely contains protein sequences
Alignment has 117 sequences with 262 columns, 257 distinct patterns
219 parsimony-informative, 20 singleton sites, 23 constant sites
                      Gap/Ambiguity  Composition  p-value
   1  tig00000002_arrow__1   14.12%    passed    100.00%
   2  tig00000083_arrow__1   14.12%    passed    100.00%
   3  tig00000113_arrow__1   26.72%    passed     88.11%
   4  tig00000131_arrow__1   14.12%    passed    100.00%
   5  tig00000289_arrow__1   14.12%    passed    100.00%
   6  tig00000494_arrow__1   15.27%    passed     90.35%
   7  tig00000505_arrow__1   22.90%    failed      4.45%
   8  tig00000508_arrow__1   14.12%    passed    100.00%
   9  tig00000634_arrow__1   56.87%    passed     75.42%
  10  tig00000643_arrow__1   15.27%    passed     99.99%
  11  tig00000644_arrow__1   29.01%    passed     93.00%
  12  tig00000696_arrow__1   14.50%    passed     99.99%
  13  tig00000768_arrow__1   14.12%    passed    100.00%
  14  tig00000787_arrow__1   26.72%    passed     64.11%
  15  tig00000794_arrow__1   14.50%    passed     99.99%
  16  tig00000886_arrow__1   14.12%    passed     99.92%
  17  tig00001010_arrow__1   14.12%    passed     99.99%
  18  tig00001014_arrow__1    7.25%    passed     87.58%
  19  tig00001092_arrow__1   14.50%    passed     96.23%
  20  tig00001132_arrow__1   14.50%    passed     94.26%
  21  tig00001153_arrow__1   50.00%    passed     94.70%
  22  tig00001169_arrow__1   14.50%    passed     99.30%
  23  tig00001280_arrow__1   14.50%    passed    100.00%
  24  tig00001357_arrow__1   45.80%    passed     69.59%
  25  tig00001400_arrow__1   46.56%    passed     84.11%
  26  tig00001417_arrow__1   15.27%    passed    100.00%
  27  tig00001445_arrow__1   23.66%    passed     99.87%
  28  tig00001473_arrow__1   14.89%    passed     95.50%
  29  tig00001490_arrow__1   14.89%    passed     99.98%
  30  tig00001606_arrow__1   14.12%    passed    100.00%
  31  tig00001748_arrow__1   15.27%    passed     99.98%
  32  tig00001768_arrow__1   63.36%    passed     92.74%
  33  tig00001789_arrow__1   14.50%    passed     99.99%
  34  tig00002028_arrow__1   14.12%    passed    100.00%
  35  tig00002294_arrow__1   14.12%    passed     99.98%
  36  tig00021141_arrow__1   14.89%    passed     99.99%
  37  tig00021143_arrow__1    6.87%    passed     72.52%
  38  tig00021151_arrow__1   14.12%    passed     99.99%
  39  tig00021153_arrow__1   15.27%    passed     99.99%
  40  tig00021156_arrow__1   14.12%    passed    100.00%
  41  tig00021175_arrow__1   14.89%    passed     99.93%
  42  tig00021177_arrow__1   14.12%    passed     99.97%
  43  tig00021179_arrow__1   15.27%    passed     98.96%
  44  tig00021182_arrow__1    7.63%    passed     81.94%
  45  tig00021183_arrow__1   27.10%    passed     86.54%
  46  tig00021184_arrow__1   27.10%    passed     86.54%
  47  tig00021197_arrow__1   14.12%    passed    100.00%
  48  tig00021205_arrow__1   41.60%    passed     80.88%
  49  tig00021208_arrow__1   14.89%    passed     99.97%
  50  tig00021213_arrow__1   14.50%    passed     98.96%
  51  tig00021220_arrow__1   14.12%    passed    100.00%
  52  tig00021223_arrow__1   14.12%    passed    100.00%
  53  tig00021225_arrow__1   14.12%    passed    100.00%
  54  tig00021229_arrow__1   14.12%    passed     99.99%
  55  tig00021236_arrow__1   14.12%    passed    100.00%
  56  tig00021242_arrow__1   14.12%    passed    100.00%
  57  tig00021261_arrow__1   14.50%    passed    100.00%
  58  tig00021262_arrow__1   14.12%    passed    100.00%
  59  tig00021264_arrow__1   38.93%    passed     97.92%
  60  tig00021266_arrow__1   14.89%    passed     99.85%
  61  tig00021274_arrow__1   14.12%    passed    100.00%
  62  tig00021282_arrow__1   41.22%    passed     23.94%
  63  tig00021284_arrow__1   14.12%    passed    100.00%
  64  tig00021287_arrow__1   14.12%    passed     99.98%
  65  tig00021294_arrow__1   50.38%    passed     76.74%
  66  tig00021296_arrow__1   15.27%    passed     99.78%
  67  tig00021297_arrow__1   14.50%    passed     94.26%
  68  tig00021298_arrow__1   14.89%    passed     95.82%
  69  tig00021300_arrow__1   38.93%    passed    100.00%
  70  tig00021301_arrow__1   32.44%    passed     99.79%
  71  tig00021302_arrow__1   15.27%    passed     95.05%
  72  tig00021307_arrow__1   14.50%    passed     99.99%
  73  tig00021309_arrow__1   14.50%    passed     99.92%
  74  tig00021316_arrow__1   14.12%    passed    100.00%
  75  tig00021318_arrow__1   15.27%    passed     99.87%
  76  tig00021326_arrow__1   46.18%    passed     99.76%
  77  tig00021330_arrow__1   15.65%    passed     99.95%
  78  tig00021339_arrow__1   14.12%    passed     99.99%
  79  tig00021340_arrow__1   14.12%    passed    100.00%
  80  tig00021342_arrow__1   14.12%    passed     99.57%
  81  tig00021345_arrow__1   19.47%    passed     97.40%
  82  tig00021376_arrow__1    8.02%    passed     36.22%
  83  tig00021384_arrow__1   14.50%    passed     98.08%
  84  tig00021385_arrow__1   15.65%    passed     97.09%
  85  tig00021392_arrow__1   14.50%    passed     99.54%
  86  tig00021394_arrow__1   14.12%    passed    100.00%
  87  tig00021399_arrow__1   14.89%    passed    100.00%
  88  tig00021401_arrow__1   14.12%    passed    100.00%
  89  tig00021420_arrow__1   14.12%    passed    100.00%
  90  tig00021426_arrow__1   14.50%    passed    100.00%
  91  tig00021433_arrow__1   14.89%    passed     98.12%
  92  tig00021437_arrow__1   14.89%    passed     99.93%
  93  tig00021441_arrow__1   14.12%    passed    100.00%
  94  tig00021443_arrow__1   14.12%    passed    100.00%
  95  tig00021447_arrow__1   15.65%    passed     99.63%
  96  tig00021450_arrow__1   14.50%    passed     99.99%
  97  tig00062549_arrow__1   47.33%    passed     92.66%
  98  tig00062623_arrow__1   14.12%    passed    100.00%
  99  tig00062625_arrow__1   14.50%    passed    100.00%
 100  tig00062629_arrow__1   14.12%    passed    100.00%
 101  tig00062631_arrow__1   14.50%    passed    100.00%
 102  tig00062634_arrow__1   14.12%    passed     99.99%
 103  tig00062639_arrow__1   15.65%    passed     99.93%
 104  RT_Bagy-2               7.25%    passed     91.68%
 105  RT_Diaspora             7.25%    failed      4.60%
 106  RT_Athila4-1            6.87%    passed     87.95%
 107  RT_Cyclops-2            7.63%    passed     96.76%
 108  RT_Calypso5-1           8.02%    passed     93.44%
 109  RT_Ogre                13.74%    passed     98.87%
 110  RT_Tat4-1              13.74%    passed     84.06%
 111  RT_Tft2                13.74%    passed     48.94%
 112  RT_RetroSor1           13.74%    passed     96.24%
 113  RT_Cinful-1            13.74%    passed     57.61%
 114  RT_B1147A04.5          19.08%    failed      0.28%
 115  RT_Grande1-4           13.36%    passed     51.36%
 116  RT_RIRE2               13.74%    passed     37.92%
 117  RT_CRM                 14.12%    passed     99.50%
WARNING: 3 sequences contain more than 50% gaps/ambiguity
****  TOTAL                  18.21%  3 sequences failed composition chi2 test (p-value<5%; df=19)
NOTE: tig00021297_arrow__1 is identical to tig00001132_arrow__1 but kept for subsequent analysis
NOTE: tig00021420_arrow__1 is identical to tig00001606_arrow__1 but kept for subsequent analysis
NOTE: tig00021401_arrow__1 is identical to tig00021156_arrow__1 but kept for subsequent analysis
NOTE: tig00021184_arrow__1 is identical to tig00021183_arrow__1 but kept for subsequent analysis


Create initial parsimony tree by phylogenetic likelihood library (PLL)... 0.024 seconds
Perform fast likelihood tree search using LG+I+G model...
Estimate model parameters (epsilon = 5.000)
Perform nearest neighbor interchange...
Estimate model parameters (epsilon = 1.000)
1. Initial log-likelihood: -11891.674
Optimal log-likelihood: -11891.591
Proportion of invariable sites: 0.001
Gamma shape alpha: 2.076
Parameters optimization took 1 rounds (0.379 sec)
Time for fast ML tree search: 3.270 seconds

NOTE: ModelFinder requires 50 MB RAM!
ModelFinder will test up to 546 protein models (sample size: 262) ...
 No. Model         -LnL         df  AIC          AICc         BIC
  1  LG            12082.088    231 24626.176    28198.976    25450.464
  2  LG+I          12077.690    232 24619.381    28347.381    25447.237
  3  LG+G4         11891.507    232 24247.013    27975.013    25074.869
  4  LG+I+G4       11891.561    233 24249.121    28143.550    25080.545
  5  LG+R2         11912.428    233 24290.855    28185.284    25122.280
  6  LG+R3         11887.855    235 24245.711    28511.865    25084.272
  7  LG+R4         11885.997    237 24245.993    28946.493    25091.691
 16  LG+F+G4       11849.729    251 24201.459    36851.859    25097.113
 17  LG+F+I+G4     11849.765    252 24203.530    38371.530    25102.753
 19  LG+F+R3       11847.165    254 24202.331    42708.045    25108.690
 29  WAG+G4        11836.199    232 24136.398    27864.398    24964.254
 30  WAG+I+G4      11836.085    233 24138.170    28032.599    24969.595
 32  WAG+R3        11830.566    235 24131.133    28397.287    24969.694
 42  WAG+F+G4      11757.809    251 24017.618    36668.018    24913.272
 43  WAG+F+I+G4    11757.823    252 24019.646    38187.646    24918.868
 45  WAG+F+R3      11753.023    254 24014.046    42519.760    24920.406
 55  JTT+G4        11609.598    232 23683.197    27411.197    24511.053
 56  JTT+I+G4      11609.630    233 23685.261    27579.689    24516.685
 58  JTT+R3        11605.558    235 23681.116    27947.270    24519.677
 68  JTT+F+G4      11565.484    251 23632.969    36283.369    24528.623
 69  JTT+F+I+G4    11565.524    252 23635.048    37803.048    24534.271
 71  JTT+F+R3      11561.146    254 23630.292    42136.006    24536.652
 81  JTTDCMut+G4   11612.648    232 23689.296    27417.296    24517.152
 82  JTTDCMut+I+G4 11612.682    233 23691.364    27585.792    24522.788
 84  JTTDCMut+R3   11608.719    235 23687.438    27953.592    24525.999
 94  JTTDCMut+F+G4 11566.642    251 23635.284    36285.684    24530.939
 95  JTTDCMut+F+I+G4 11566.682    252 23637.363    37805.363    24536.586
 97  JTTDCMut+F+R3 11562.374    254 23632.749    42138.463    24539.108
107  DCMut+G4      12134.649    232 24733.299    28461.299    25561.155
108  DCMut+I+G4    12134.685    233 24735.369    28629.798    25566.794
110  DCMut+R3      12127.828    235 24725.656    28991.809    25564.217
120  DCMut+F+G4    12021.871    251 24545.742    37196.142    25441.397
121  DCMut+F+I+G4  12021.907    252 24547.813    38715.813    25447.036
123  DCMut+F+R3    12015.644    254 24539.289    43045.003    25445.648
133  VT+G4         11812.103    232 24088.206    27816.206    24916.062
134  VT+I+G4       11812.038    233 24090.076    27984.504    24921.500
136  VT+R3         11807.684    235 24085.368    28351.522    24923.929
146  VT+F+G4       11765.547    251 24033.095    36683.495    24928.749
147  VT+F+I+G4     11765.574    252 24035.147    38203.147    24934.370
149  VT+F+R3       11761.564    254 24031.127    42536.842    24937.487
159  PMB+G4        11976.530    232 24417.059    28145.059    25244.915
160  PMB+I+G4      11976.531    233 24419.061    28313.490    25250.485
162  PMB+R3        11973.171    235 24416.343    28682.497    25254.904
172  PMB+F+G4      11981.921    251 24465.842    37116.242    25361.496
173  PMB+F+I+G4    11981.956    252 24467.911    38635.911    25367.134
175  PMB+F+R3      11978.629    254 24465.257    42970.971    25371.617
185  Blosum62+G4   12018.209    232 24500.418    28228.418    25328.274
186  Blosum62+I+G4 12018.144    233 24502.288    28396.717    25333.713
188  Blosum62+R3   12014.396    235 24498.792    28764.946    25337.353
198  Blosum62+F+G4 12020.729    251 24543.457    37193.857    25439.112
199  Blosum62+F+I+G4 12020.736    252 24545.472    38713.472    25444.694
201  Blosum62+F+R3 12016.804    254 24541.607    43047.322    25447.967
211  Dayhoff+G4    12133.965    232 24731.930    28459.930    25559.786
212  Dayhoff+I+G4  12134.000    233 24734.001    28628.429    25565.425
214  Dayhoff+R3    12127.118    235 24724.236    28990.390    25562.797
224  Dayhoff+F+G4  12021.195    251 24544.390    37194.790    25440.044
225  Dayhoff+F+I+G4 12021.230    252 24546.460    38714.460    25445.683
227  Dayhoff+F+R3  12014.941    254 24537.883    43043.597    25444.242
237  mtREV+G4      12225.475    232 24914.950    28642.950    25742.806
238  mtREV+I+G4    12225.483    233 24916.966    28811.395    25748.390
240  mtREV+R3      12226.526    235 24923.051    29189.205    25761.612
250  mtREV+F+G4    11849.422    251 24200.844    36851.244    25096.498
251  mtREV+F+I+G4  11849.433    252 24202.867    38370.867    25102.089
253  mtREV+F+R3    11851.836    254 24211.672    42717.386    25118.031
263  mtART+G4      12885.131    232 26234.262    29962.262    27062.118
264  mtART+I+G4    12885.134    233 26236.269    30130.697    27067.693
266  mtART+R3      12884.176    235 26238.351    30504.505    27076.912
276  mtART+F+G4    12585.346    251 25672.692    38323.092    26568.346
277  mtART+F+I+G4  12585.345    252 25674.691    39842.691    26573.914
279  mtART+F+R3    12589.790    254 25687.581    44193.295    26593.940
289  mtZOA+G4      12387.445    232 25238.891    28966.891    26066.747
290  mtZOA+I+G4    12387.445    233 25240.890    29135.319    26072.315
292  mtZOA+R3      12384.219    235 25238.438    29504.592    26076.999
302  mtZOA+F+G4    12167.562    251 24837.125    37487.525    25732.779
303  mtZOA+F+I+G4  12167.568    252 24839.135    39007.135    25738.358
305  mtZOA+F+R3    12169.305    254 24846.611    43352.325    25752.970
315  mtMet+G4      12090.178    232 24644.355    28372.355    25472.211
316  mtMet+I+G4    12090.181    233 24646.363    28540.791    25477.787
318  mtMet+R3      12084.665    235 24639.330    28905.484    25477.891
328  mtMet+F+G4    11810.621    251 24123.242    36773.642    25018.896
329  mtMet+F+I+G4  11810.626    252 24125.251    38293.251    25024.474
331  mtMet+F+R3    11808.558    254 24125.116    42630.831    25031.476
341  mtVer+G4      12167.198    232 24798.397    28526.397    25626.253
342  mtVer+I+G4    12167.201    233 24800.401    28694.830    25631.825
344  mtVer+R3      12162.870    235 24795.741    29061.895    25634.302
354  mtVer+F+G4    11839.160    251 24180.319    36830.719    25075.974
355  mtVer+F+I+G4  11839.162    252 24182.325    38350.325    25081.548
357  mtVer+F+R3    11838.764    254 24185.528    42691.242    25091.888
367  mtInv+G4      12212.990    232 24889.979    28617.979    25717.835
368  mtInv+I+G4    12212.995    233 24891.989    28786.418    25723.414
370  mtInv+R3      12210.764    235 24891.529    29157.683    25730.090
380  mtInv+F+G4    11876.978    251 24255.956    36906.356    25151.610
381  mtInv+F+I+G4  11876.985    252 24257.970    38425.970    25157.193
383  mtInv+F+R3    11875.296    254 24258.591    42764.306    25164.951
393  mtMAM+G4      12447.030    232 25358.059    29086.059    26185.915
394  mtMAM+I+G4    12447.028    233 25360.057    29254.485    26191.481
396  mtMAM+R3      12442.968    235 25355.936    29622.090    26194.497
406  mtMAM+F+G4    12081.782    251 24665.563    37315.963    25561.217
407  mtMAM+F+I+G4  12081.783    252 24667.566    38835.566    25566.789
409  mtMAM+F+R3    12087.605    254 24683.209    43188.923    25589.569
419  HIVb+G4       11710.035    232 23884.070    27612.070    24711.926
420  HIVb+I+G4     11709.422    233 23884.844    27779.273    24716.268
422  HIVb+R3       11707.010    235 23884.019    28150.173    24722.580
432  HIVb+F+G4     11712.236    251 23926.473    36576.873    24822.127
433  HIVb+F+I+G4   11712.249    252 23928.498    38096.498    24827.721
435  HIVb+F+R3     11710.238    254 23928.477    42434.191    24834.836
445  HIVw+G4       11850.564    232 24165.128    27893.128    24992.984
446  HIVw+I+G4     11848.417    233 24162.834    28057.263    24994.258
448  HIVw+R3       11844.780    235 24159.561    28425.715    24998.122
458  HIVw+F+G4     11770.607    251 24043.214    36693.614    24938.868
459  HIVw+F+I+G4   11769.638    252 24043.277    38211.277    24942.500
461  HIVw+F+R3     11765.861    254 24039.721    42545.435    24946.081
471  FLU+G4        11739.758    232 23943.517    27671.517    24771.373
472  FLU+I+G4      11738.929    233 23943.858    27838.286    24775.282
474  FLU+R3        11734.893    235 23939.786    28205.940    24778.347
484  FLU+F+G4      11762.260    251 24026.519    36676.919    24922.174
485  FLU+F+I+G4    11761.972    252 24027.944    38195.944    24927.166
487  FLU+F+R3      11760.045    254 24028.089    42533.804    24934.449
497  rtREV+G4      12060.190    232 24584.381    28312.381    25412.237
498  rtREV+I+G4    12060.229    233 24586.458    28480.886    25417.882
500  rtREV+R3      12057.407    235 24584.814    28850.968    25423.375
510  rtREV+F+G4    11968.183    251 24438.366    37088.766    25334.020
511  rtREV+F+I+G4  11968.198    252 24440.397    38608.397    25339.619
513  rtREV+F+R3    11966.158    254 24440.316    42946.030    25346.676
523  cpREV+G4      11767.241    232 23998.483    27726.483    24826.339
524  cpREV+I+G4    11765.858    233 23997.716    27892.144    24829.140
526  cpREV+R3      11763.885    235 23997.769    28263.923    24836.330
536  cpREV+F+G4    11758.009    251 24018.018    36668.418    24913.672
537  cpREV+F+I+G4  11757.350    252 24018.700    38186.700    24917.922
539  cpREV+F+R3    11754.833    254 24017.666    42523.380    24924.025
Akaike Information Criterion:           JTT+F+R3
Corrected Akaike Information Criterion: JTT+G4
Bayesian Information Criterion:         JTT+G4
Best-fit model: JTT+G4 chosen according to BIC

All model information printed to /home/usuario/Data_Rstudio/tesina_g/tablas/domainLTR/aligment_abs_all/aligment_RT_abs.pep.model.gz
CPU time for ModelFinder: 201.347 seconds (0h:3m:21s)
Wall-clock time for ModelFinder: 201.875 seconds (0h:3m:21s)

NOTE: 20 MB RAM (0 GB) is required!
Estimate model parameters (epsilon = 0.010)
1. Initial log-likelihood: -11609.598
Optimal log-likelihood: -11609.598
Gamma shape alpha: 2.643
Parameters optimization took 1 rounds (0.334 sec)
BEST SCORE FOUND : -11609.598
Total tree length: 11.975

Total number of iterations: 0
CPU time used for tree search: 0.000 sec (0h:0m:0s)
Wall-clock time used for tree search: 0.000 sec (0h:0m:0s)
Total CPU time used: 0.343 sec (0h:0m:0s)
Total wall-clock time used: 0.343 sec (0h:0m:0s)

Analysis results written to: 
  IQ-TREE report:                /home/usuario/Data_Rstudio/tesina_g/tablas/domainLTR/aligment_abs_all/aligment_RT_abs.pep.iqtree
  Tree used for ModelFinder:     /home/usuario/Data_Rstudio/tesina_g/tablas/domainLTR/aligment_abs_all/aligment_RT_abs.pep.treefile
  Screen log file:               /home/usuario/Data_Rstudio/tesina_g/tablas/domainLTR/aligment_abs_all/aligment_RT_abs.pep.log

Date and Time: Tue Oct 18 15:14:41 2022
