IQ-TREE multicore version 2.0.7 for Linux 64-bit built Jan 21 2022
Developed by Bui Quang Minh, Nguyen Lam Tung, Olga Chernomor,
Heiko Schmidt, Dominik Schrempf, Michael Woodhams.

Host:    hole (AVX2, FMA3, 5 GB RAM)
Command: iqtree2 -s /home/usuario/Data_Rstudio/tesina_g/tablas/domainLTR/aligment_abs_all/out_aligment_RT_abs.pep -m MFT
Seed:    172581 (Using SPRNG - Scalable Parallel Random Number Generator)
Time:    Tue Oct 18 15:17:14 2022
Kernel:  AVX+FMA - 1 threads (4 CPU cores detected)

HINT: Use -nt option to specify number of threads because your CPU has 4 cores!
HINT: -nt AUTO will automatically determine the best number of threads to use.

Reading alignment file /home/usuario/Data_Rstudio/tesina_g/tablas/domainLTR/aligment_abs_all/out_aligment_RT_abs.pep ... Fasta format detected
Alignment most likely contains protein sequences
Alignment has 117 sequences with 169 columns, 169 distinct patterns
152 parsimony-informative, 16 singleton sites, 1 constant sites
                      Gap/Ambiguity  Composition  p-value
   1  tig00000002_arrow__1    0.00%    passed    100.00%
   2  tig00000083_arrow__1    0.00%    passed    100.00%
   3  tig00000113_arrow__1   26.04%    passed     80.16%
   4  tig00000131_arrow__1    0.00%    passed    100.00%
   5  tig00000289_arrow__1    0.00%    passed    100.00%
   6  tig00000494_arrow__1    0.59%    passed     99.42%
   7  tig00000505_arrow__1    7.69%    failed      0.02%
   8  tig00000508_arrow__1    0.00%    passed    100.00%
   9  tig00000634_arrow__1   51.48%    passed     93.73%
  10  tig00000643_arrow__1    1.78%    passed    100.00%
  11  tig00000644_arrow__1   17.75%    passed     99.80%
  12  tig00000696_arrow__1    0.00%    passed    100.00%
  13  tig00000768_arrow__1    0.00%    passed    100.00%
  14  tig00000787_arrow__1   20.12%    passed     93.93%
  15  tig00000794_arrow__1    0.59%    passed    100.00%
  16  tig00000886_arrow__1    0.00%    passed     99.97%
  17  tig00001010_arrow__1    0.00%    passed    100.00%
  18  tig00001014_arrow__1    0.59%    passed     97.37%
  19  tig00001092_arrow__1    1.18%    passed     99.47%
  20  tig00001132_arrow__1    0.00%    passed     92.54%
  21  tig00001153_arrow__1   41.42%    passed     97.46%
  22  tig00001169_arrow__1    0.00%    passed     99.92%
  23  tig00001280_arrow__1    0.00%    passed    100.00%
  24  tig00001357_arrow__1   37.28%    passed     48.68%
  25  tig00001400_arrow__1   37.87%    passed     96.65%
  26  tig00001417_arrow__1    0.59%    passed    100.00%
  27  tig00001445_arrow__1    6.51%    passed     97.54%
  28  tig00001473_arrow__1    0.00%    passed     99.98%
  29  tig00001490_arrow__1    0.00%    passed    100.00%
  30  tig00001606_arrow__1    0.00%    passed    100.00%
  31  tig00001748_arrow__1    0.59%    passed    100.00%
  32  tig00001768_arrow__1   54.44%    passed     41.14%
  33  tig00001789_arrow__1    0.00%    passed    100.00%
  34  tig00002028_arrow__1    0.00%    passed    100.00%
  35  tig00002294_arrow__1    0.00%    passed    100.00%
  36  tig00021141_arrow__1    0.00%    passed     99.99%
  37  tig00021143_arrow__1    0.00%    passed     94.92%
  38  tig00021151_arrow__1    0.00%    passed    100.00%
  39  tig00021153_arrow__1    0.59%    passed    100.00%
  40  tig00021156_arrow__1    0.00%    passed    100.00%
  41  tig00021175_arrow__1    0.00%    passed    100.00%
  42  tig00021177_arrow__1    0.00%    passed    100.00%
  43  tig00021179_arrow__1    0.59%    passed    100.00%
  44  tig00021182_arrow__1    0.59%    passed     98.86%
  45  tig00021183_arrow__1   26.04%    passed     79.32%
  46  tig00021184_arrow__1   26.04%    passed     79.32%
  47  tig00021197_arrow__1    0.00%    passed     99.99%
  48  tig00021205_arrow__1   30.18%    passed     97.34%
  49  tig00021208_arrow__1    0.00%    passed    100.00%
  50  tig00021213_arrow__1    0.00%    passed     99.99%
  51  tig00021220_arrow__1    0.00%    passed    100.00%
  52  tig00021223_arrow__1    0.00%    passed    100.00%
  53  tig00021225_arrow__1    0.00%    passed    100.00%
  54  tig00021229_arrow__1    0.00%    passed    100.00%
  55  tig00021236_arrow__1    0.00%    passed    100.00%
  56  tig00021242_arrow__1    0.00%    passed    100.00%
  57  tig00021261_arrow__1    0.59%    passed    100.00%
  58  tig00021262_arrow__1    0.00%    passed    100.00%
  59  tig00021264_arrow__1   26.63%    passed     99.68%
  60  tig00021266_arrow__1    0.00%    passed    100.00%
  61  tig00021274_arrow__1    0.00%    passed    100.00%
  62  tig00021282_arrow__1   30.77%    failed      1.63%
  63  tig00021284_arrow__1    0.00%    passed    100.00%
  64  tig00021287_arrow__1    0.00%    passed    100.00%
  65  tig00021294_arrow__1   40.83%    passed     97.74%
  66  tig00021296_arrow__1    0.59%    passed    100.00%
  67  tig00021297_arrow__1    0.00%    passed     92.54%
  68  tig00021298_arrow__1    1.18%    passed     96.82%
  69  tig00021300_arrow__1   27.22%    passed     99.97%
  70  tig00021301_arrow__1   18.93%    passed     99.74%
  71  tig00021302_arrow__1    0.59%    passed     99.84%
  72  tig00021307_arrow__1    0.00%    passed    100.00%
  73  tig00021309_arrow__1    0.00%    passed    100.00%
  74  tig00021316_arrow__1    0.00%    passed    100.00%
  75  tig00021318_arrow__1    0.59%    passed    100.00%
  76  tig00021326_arrow__1   35.50%    passed     99.10%
  77  tig00021330_arrow__1    1.18%    passed    100.00%
  78  tig00021339_arrow__1    0.00%    passed    100.00%
  79  tig00021340_arrow__1    0.00%    passed    100.00%
  80  tig00021342_arrow__1    0.00%    passed     99.96%
  81  tig00021345_arrow__1    7.10%    passed     98.68%
  82  tig00021376_arrow__1    0.59%    passed     31.88%
  83  tig00021384_arrow__1    0.00%    passed     99.99%
  84  tig00021385_arrow__1    1.18%    passed     99.98%
  85  tig00021392_arrow__1    0.00%    passed    100.00%
  86  tig00021394_arrow__1    0.00%    passed    100.00%
  87  tig00021399_arrow__1    0.00%    passed    100.00%
  88  tig00021401_arrow__1    0.00%    passed    100.00%
  89  tig00021420_arrow__1    0.00%    passed    100.00%
  90  tig00021426_arrow__1    0.00%    passed    100.00%
  91  tig00021433_arrow__1    0.00%    passed     99.71%
  92  tig00021437_arrow__1    0.59%    passed    100.00%
  93  tig00021441_arrow__1    0.00%    passed    100.00%
  94  tig00021443_arrow__1    0.00%    passed    100.00%
  95  tig00021447_arrow__1    0.00%    passed     99.98%
  96  tig00021450_arrow__1    0.00%    passed    100.00%
  97  tig00062549_arrow__1   39.05%    passed     91.64%
  98  tig00062623_arrow__1    0.00%    passed    100.00%
  99  tig00062625_arrow__1    0.59%    passed    100.00%
 100  tig00062629_arrow__1    0.00%    passed    100.00%
 101  tig00062631_arrow__1    0.00%    passed    100.00%
 102  tig00062634_arrow__1    0.00%    passed    100.00%
 103  tig00062639_arrow__1    0.59%    passed    100.00%
 104  RT_Bagy-2               0.59%    passed     72.30%
 105  RT_Diaspora             0.59%    failed      1.14%
 106  RT_Athila4-1            0.00%    passed     99.22%
 107  RT_Cyclops-2            0.00%    passed      7.10%
 108  RT_Calypso5-1           1.78%    passed     87.72%
 109  RT_Ogre                 0.00%    passed     99.20%
 110  RT_Tat4-1               0.00%    passed     57.52%
 111  RT_Tft2                 0.00%    passed     71.31%
 112  RT_RetroSor1            0.00%    passed     99.78%
 113  RT_Cinful-1             0.00%    passed     69.66%
 114  RT_B1147A04.5          11.24%    failed      0.22%
 115  RT_Grande1-4            0.00%    passed      8.70%
 116  RT_RIRE2                0.00%    passed     46.97%
 117  RT_CRM                  0.59%    passed     55.27%
WARNING: 2 sequences contain more than 50% gaps/ambiguity
****  TOTAL                   5.47%  4 sequences failed composition chi2 test (p-value<5%; df=19)
NOTE: tig00021156_arrow__1 is identical to tig00000002_arrow__1 but kept for subsequent analysis
NOTE: tig00000289_arrow__1 is identical to tig00000131_arrow__1 but kept for subsequent analysis
NOTE: tig00021297_arrow__1 is identical to tig00001132_arrow__1 but kept for subsequent analysis
NOTE: tig00021426_arrow__1 is identical to tig00001280_arrow__1 but kept for subsequent analysis
NOTE: tig00021184_arrow__1 is identical to tig00021183_arrow__1 but kept for subsequent analysis
NOTE: 5 identical sequences (see below) will be ignored for subsequent analysis
NOTE: tig00021401_arrow__1 (identical to tig00000002_arrow__1) is ignored but added at the end
NOTE: tig00062629_arrow__1 (identical to tig00000002_arrow__1) is ignored but added at the end
NOTE: tig00001606_arrow__1 (identical to tig00000131_arrow__1) is ignored but added at the end
NOTE: tig00021316_arrow__1 (identical to tig00000131_arrow__1) is ignored but added at the end
NOTE: tig00021420_arrow__1 (identical to tig00000131_arrow__1) is ignored but added at the end
Alignment was printed to /home/usuario/Data_Rstudio/tesina_g/tablas/domainLTR/aligment_abs_all/out_aligment_RT_abs.pep.uniqueseq.phy

For your convenience alignment with unique sequences printed to /home/usuario/Data_Rstudio/tesina_g/tablas/domainLTR/aligment_abs_all/out_aligment_RT_abs.pep.uniqueseq.phy


Create initial parsimony tree by phylogenetic likelihood library (PLL)... 0.025 seconds
Perform fast likelihood tree search using LG+I+G model...
Estimate model parameters (epsilon = 5.000)
Perform nearest neighbor interchange...
Estimate model parameters (epsilon = 1.000)
1. Initial log-likelihood: -7529.261
Optimal log-likelihood: -7529.247
Proportion of invariable sites: 0.001
Gamma shape alpha: 2.747
Parameters optimization took 1 rounds (0.249 sec)
Time for fast ML tree search: 2.803 seconds

NOTE: ModelFinder requires 33 MB RAM!
ModelFinder will test up to 546 protein models (sample size: 169) ...
 No. Model         -LnL         df  AIC          AICc         BIC
  1  LG            7608.337     221 15658.673    113782.673   16350.381
  2  LG+I          7605.584     222 15655.168    114667.168   16350.005
  3  LG+G4         7529.219     222 15502.438    114514.438   16197.275
  4  LG+I+G4       7529.234     223 15504.467    115408.467   16202.435
  5  LG+R2         7537.865     223 15521.730    115425.730   16219.698
  6  LG+R3         7526.071     225 15502.141    117202.141   16206.368
  7  LG+R4         7526.092     227 15506.185    119018.185   16216.672
 16  LG+F+G4       7531.247     241 15544.494    132188.494   16298.799
 17  LG+F+I+G4     7531.252     242 15546.503    133158.503   16303.939
 19  LG+F+R3       7529.359     244 15546.717    135106.717   16310.413
 29  WAG+G4        7509.645     222 15463.291    114475.291   16158.128
 30  WAG+I+G4      7509.579     223 15465.159    115369.159   16163.126
 32  WAG+R3        7504.241     225 15458.482    117158.482   16162.709
 42  WAG+F+G4      7485.174     241 15452.348    132096.348   16206.653
 43  WAG+F+I+G4    7485.185     242 15454.371    133066.371   16211.806
 45  WAG+F+R3      7481.630     244 15451.260    135011.260   16214.955
 55  JTT+G4        7362.605     222 15169.210    114181.210   15864.048
 56  JTT+I+G4      7362.614     223 15171.227    115075.227   15869.195
 58  JTT+R3        7359.905     225 15169.810    116869.810   15874.038
 68  JTT+F+G4      7352.271     241 15186.541    131830.541   15940.847
 69  JTT+F+I+G4    7352.278     242 15188.556    132800.556   15945.992
 71  JTT+F+R3      7350.013     244 15188.025    134748.025   15951.721
 81  JTTDCMut+G4   7365.274     222 15174.547    114186.547   15869.385
 82  JTTDCMut+I+G4 7365.284     223 15176.567    115080.567   15874.535
 84  JTTDCMut+R3   7362.615     225 15175.230    116875.230   15879.457
 94  JTTDCMut+F+G4 7353.767     241 15189.534    131833.534   15943.840
 95  JTTDCMut+F+I+G4 7353.774     242 15191.549    132803.549   15948.984
 97  JTTDCMut+F+R3 7351.501     244 15191.002    134751.002   15954.697
107  DCMut+G4      7690.097     222 15824.194    114836.194   16519.031
108  DCMut+I+G4    7690.105     223 15826.209    115730.209   16524.177
110  DCMut+R3      7684.363     225 15818.727    117518.727   16522.954
120  DCMut+F+G4    7642.960     241 15767.920    132411.920   16522.225
121  DCMut+F+I+G4  7642.967     242 15769.934    133381.934   16527.370
123  DCMut+F+R3    7638.040     244 15764.080    135324.080   16527.776
133  VT+G4         7502.768     222 15449.536    114461.536   16144.373
134  VT+I+G4       7502.720     223 15451.441    115355.441   16149.408
136  VT+R3         7499.665     225 15449.329    117149.329   16153.557
146  VT+F+G4       7496.363     241 15474.725    132118.725   16229.031
147  VT+F+I+G4     7496.375     242 15476.750    133088.750   16234.185
149  VT+F+R3       7494.303     244 15476.605    135036.605   16240.300
159  PMB+G4        7612.962     222 15669.924    114681.924   16364.761
160  PMB+I+G4      7612.964     223 15671.928    115575.928   16369.895
162  PMB+R3        7610.407     225 15670.813    117370.813   16375.040
172  PMB+F+G4      7644.298     241 15770.596    132414.596   16524.902
173  PMB+F+I+G4    7644.309     242 15772.617    133384.617   16530.053
175  PMB+F+R3      7642.402     244 15772.803    135332.803   16536.499
185  Blosum62+G4   7625.092     222 15694.184    114706.184   16389.022
186  Blosum62+I+G4 7625.052     223 15696.105    115600.105   16394.072
188  Blosum62+R3   7622.139     225 15694.279    117394.279   16398.506
198  Blosum62+F+G4 7662.205     241 15806.409    132450.409   16560.715
199  Blosum62+F+I+G4 7662.216     242 15808.432    133420.432   16565.868
201  Blosum62+F+R3 7659.856     244 15807.711    135367.711   16571.407
211  Dayhoff+G4    7689.435     222 15822.871    114834.871   16517.708
212  Dayhoff+I+G4  7689.443     223 15824.887    115728.887   16522.854
214  Dayhoff+R3    7683.711     225 15817.423    117517.423   16521.650
224  Dayhoff+F+G4  7642.412     241 15766.824    132410.824   16521.129
225  Dayhoff+F+I+G4 7642.419     242 15768.838    133380.838   16526.273
227  Dayhoff+F+R3  7637.497     244 15762.993    135322.993   16526.689
237  mtREV+G4      7700.354     222 15844.707    114856.707   16539.545
238  mtREV+I+G4    7700.352     223 15846.704    115750.704   16544.672
240  mtREV+R3      7695.683     225 15841.365    117541.365   16545.592
250  mtREV+F+G4    7508.691     241 15499.381    132143.381   16253.687
251  mtREV+F+I+G4  7508.691     242 15501.383    133113.383   16258.818
253  mtREV+F+R3    7506.539     244 15501.077    135061.077   16264.773
263  mtART+G4      8026.352     222 16496.705    115508.705   17191.542
264  mtART+I+G4    8026.384     223 16498.769    116402.769   17196.736
266  mtART+R3      8017.748     225 16485.495    118185.495   17189.722
276  mtART+F+G4    7937.680     241 16357.359    133001.359   17111.665
277  mtART+F+I+G4  7937.695     242 16359.390    133971.390   17116.825
279  mtART+F+R3    7935.704     244 16359.409    135919.409   17123.104
289  mtZOA+G4      7763.256     222 15970.511    114982.511   16665.349
290  mtZOA+I+G4    7763.268     223 15972.535    115876.535   16670.502
292  mtZOA+R3      7754.874     225 15959.747    117659.747   16663.975
302  mtZOA+F+G4    7693.927     241 15869.853    132513.853   16624.159
303  mtZOA+F+I+G4  7693.926     242 15871.853    133483.853   16629.288
305  mtZOA+F+R3    7690.916     244 15869.831    135429.831   16633.526
315  mtMet+G4      7585.749     222 15615.499    114627.499   16310.336
316  mtMet+I+G4    7585.749     223 15617.498    115521.498   16315.465
318  mtMet+R3      7578.724     225 15607.449    117307.449   16311.676
328  mtMet+F+G4    7483.277     241 15448.555    132092.555   16202.860
329  mtMet+F+I+G4  7483.279     242 15450.557    133062.557   16207.992
331  mtMet+F+R3    7479.676     244 15447.351    135007.351   16211.046
341  mtVer+G4      7654.975     222 15753.949    114765.949   16448.787
342  mtVer+I+G4    7654.973     223 15755.946    115659.946   16453.913
344  mtVer+R3      7645.739     225 15741.479    117441.479   16445.706
354  mtVer+F+G4    7491.146     241 15464.292    132108.292   16218.597
355  mtVer+F+I+G4  7491.146     242 15466.291    133078.291   16223.727
357  mtVer+F+R3    7489.263     244 15466.526    135026.526   16230.221
367  mtInv+G4      7653.071     222 15750.141    114762.141   16444.979
368  mtInv+I+G4    7653.071     223 15752.141    115656.141   16450.109
370  mtInv+R3      7649.395     225 15748.789    117448.789   16453.016
380  mtInv+F+G4    7530.184     241 15542.368    132186.368   16296.673
381  mtInv+F+I+G4  7530.184     242 15544.368    133156.368   16301.804
383  mtInv+F+R3    7527.420     244 15542.840    135102.840   16306.535
393  mtMAM+G4      7791.111     222 16026.222    115038.222   16721.059
394  mtMAM+I+G4    7791.105     223 16028.210    115932.210   16726.178
396  mtMAM+R3      7780.209     225 16010.419    117710.419   16714.646
406  mtMAM+F+G4    7625.135     241 15732.270    132376.270   16486.576
407  mtMAM+F+I+G4  7625.132     242 15734.265    133346.265   16491.700
409  mtMAM+F+R3    7623.534     244 15735.068    135295.068   16498.764
419  HIVb+G4       7412.720     222 15269.439    114281.439   15964.277
420  HIVb+I+G4     7412.080     223 15270.161    115174.161   15968.128
422  HIVb+R3       7408.596     225 15267.192    116967.192   15971.419
432  HIVb+F+G4     7420.615     241 15323.229    131967.229   16077.535
433  HIVb+F+I+G4   7420.621     242 15325.243    132937.243   16082.678
435  HIVb+F+R3     7418.012     244 15324.024    134884.024   16087.719
445  HIVw+G4       7489.235     222 15422.470    114434.470   16117.308
446  HIVw+I+G4     7487.041     223 15420.083    115324.083   16118.050
448  HIVw+R3       7483.329     225 15416.657    117116.657   16120.885
458  HIVw+F+G4     7450.242     241 15382.484    132026.484   16136.790
459  HIVw+F+I+G4   7449.772     242 15383.544    132995.544   16140.979
461  HIVw+F+R3     7444.600     244 15377.200    134937.200   16140.895
471  FLU+G4        7407.050     222 15258.100    114270.100   15952.937
472  FLU+I+G4      7406.205     223 15258.410    115162.410   15956.378
474  FLU+R3        7400.660     225 15251.320    116951.320   15955.548
484  FLU+F+G4      7461.580     241 15405.159    132049.159   16159.465
485  FLU+F+I+G4    7461.573     242 15407.145    133019.145   16164.581
487  FLU+F+R3      7457.843     244 15403.685    134963.685   16167.381
497  rtREV+G4      7666.985     222 15777.969    114789.969   16472.807
498  rtREV+I+G4    7666.996     223 15779.992    115683.992   16477.960
500  rtREV+R3      7664.275     225 15778.550    117478.550   16482.778
510  rtREV+F+G4    7615.727     241 15713.453    132357.453   16467.759
511  rtREV+F+I+G4  7615.728     242 15715.455    133327.455   16472.891
513  rtREV+F+R3    7614.190     244 15716.379    135276.379   16480.075
523  cpREV+G4      7444.012     222 15332.024    114344.024   16026.862
524  cpREV+I+G4    7442.753     223 15331.507    115235.507   16029.474
526  cpREV+R3      7438.250     225 15326.500    117026.500   16030.727
536  cpREV+F+G4    7471.936     241 15425.873    132069.873   16180.178
537  cpREV+F+I+G4  7471.697     242 15427.393    133039.393   16184.829
539  cpREV+F+R3    7466.640     244 15421.280    134981.280   16184.976
Akaike Information Criterion:           JTT+G4
Corrected Akaike Information Criterion: LG
Bayesian Information Criterion:         JTT+G4
Best-fit model: JTT+G4 chosen according to BIC

All model information printed to /home/usuario/Data_Rstudio/tesina_g/tablas/domainLTR/aligment_abs_all/out_aligment_RT_abs.pep.model.gz
CPU time for ModelFinder: 139.087 seconds (0h:2m:19s)
Wall-clock time for ModelFinder: 139.419 seconds (0h:2m:19s)

NOTE: 13 MB RAM (0 GB) is required!
Estimate model parameters (epsilon = 0.010)
1. Initial log-likelihood: -7362.605
Optimal log-likelihood: -7362.604
Gamma shape alpha: 3.680
Parameters optimization took 1 rounds (0.222 sec)
BEST SCORE FOUND : -7362.604
Total tree length: 9.392

Total number of iterations: 0
CPU time used for tree search: 0.000 sec (0h:0m:0s)
Wall-clock time used for tree search: 0.000 sec (0h:0m:0s)
Total CPU time used: 0.233 sec (0h:0m:0s)
Total wall-clock time used: 0.234 sec (0h:0m:0s)

Analysis results written to: 
  IQ-TREE report:                /home/usuario/Data_Rstudio/tesina_g/tablas/domainLTR/aligment_abs_all/out_aligment_RT_abs.pep.iqtree
  Tree used for ModelFinder:     /home/usuario/Data_Rstudio/tesina_g/tablas/domainLTR/aligment_abs_all/out_aligment_RT_abs.pep.treefile
  Screen log file:               /home/usuario/Data_Rstudio/tesina_g/tablas/domainLTR/aligment_abs_all/out_aligment_RT_abs.pep.log

Date and Time: Tue Oct 18 15:19:33 2022
